actionid: tox
msg: packaging
cmdargs: ['/Users/leahvelleman/.virtualenvs/morpho/bin/python', local('/Users/leahvelleman/src/morpho/setup.py'), 'sdist', '--formats=zip', '--dist-dir', local('/Users/leahvelleman/src/morpho/.tox/dist')]

running sdist
running egg_info
writing morpho.egg-info/PKG-INFO
writing top-level names to morpho.egg-info/top_level.txt
writing dependency_links to morpho.egg-info/dependency_links.txt
reading manifest file 'morpho.egg-info/SOURCES.txt'
writing manifest file 'morpho.egg-info/SOURCES.txt'
running check
creating morpho-0.0
creating morpho-0.0/morpho
creating morpho-0.0/morpho.egg-info
creating morpho-0.0/test
making hard links in morpho-0.0...
hard linking README.rst -> morpho-0.0
hard linking setup.cfg -> morpho-0.0
hard linking setup.py -> morpho-0.0
hard linking morpho/__init__.py -> morpho-0.0/morpho
hard linking morpho/foma.py -> morpho-0.0/morpho
hard linking morpho.egg-info/PKG-INFO -> morpho-0.0/morpho.egg-info
hard linking morpho.egg-info/SOURCES.txt -> morpho-0.0/morpho.egg-info
hard linking morpho.egg-info/dependency_links.txt -> morpho-0.0/morpho.egg-info
hard linking morpho.egg-info/top_level.txt -> morpho-0.0/morpho.egg-info
hard linking test/test_commands.py -> morpho-0.0/test
copying setup.cfg -> morpho-0.0
Writing morpho-0.0/setup.cfg
creating '.tox/dist/morpho-0.0.zip' and adding 'morpho-0.0' to it
adding 'morpho-0.0/PKG-INFO'
adding 'morpho-0.0/README.rst'
adding 'morpho-0.0/setup.cfg'
adding 'morpho-0.0/setup.py'
adding 'morpho-0.0/morpho/__init__.py'
adding 'morpho-0.0/morpho/foma.py'
adding 'morpho-0.0/morpho.egg-info/dependency_links.txt'
adding 'morpho-0.0/morpho.egg-info/PKG-INFO'
adding 'morpho-0.0/morpho.egg-info/SOURCES.txt'
adding 'morpho-0.0/morpho.egg-info/top_level.txt'
adding 'morpho-0.0/test/test_commands.py'
removing 'morpho-0.0' (and everything under it)
